<?xml version="1.0" encoding="UTF-8"?>
<testsuite xmlns:xsi="http://www.w3.org/2001/XMLSchema-instance" xsi:noNamespaceSchemaLocation="https://maven.apache.org/surefire/maven-surefire-plugin/xsd/surefire-test-report-3.0.xsd" version="3.0" name="net.rehkind_mag.test.UUIDGeneratorTest" time="1.045" tests="1" errors="0" skipped="0" failures="0">
  <properties>
[...]
</properties>
  <testcase name="testUUIDGenerationAndvalidation" classname="net.rehkind_mag.test.UUIDGeneratorTest" time="1.037"/>
</testsuite>